
> meal-maven@1.0.0 start
> nodemon index.js

[33m[nodemon] 3.1.4[39m
[33m[nodemon] to restart at any time, enter `rs`[39m
[33m[nodemon] watching path(s): *.*[39m
[33m[nodemon] watching extensions: js,mjs,cjs,json[39m
[32m[nodemon] starting `node index.js`[39m
Example app listening at 8080.
Error connecting to MongoDB MongooseServerSelectionError: Could not connect to any servers in your MongoDB Atlas cluster. One common reason is that you're trying to access the database from an IP that isn't whitelisted. Make sure your current IP address is on your Atlas cluster's IP whitelist: https://www.mongodb.com/docs/atlas/security-whitelist/
Error connecting to MongoDB MongoServerSelectionError: 0018B33B3E7F0000:error:0A000438:SSL routines:ssl3_read_bytes:tlsv1 alert internal error:../ssl/record/rec_layer_s3.c:1590:SSL alert number 80


> meal-maven@1.0.0 start
> nodemon index.js

[33m[nodemon] 3.1.4[39m
[33m[nodemon] to restart at any time, enter `rs`[39m
[33m[nodemon] watching path(s): *.*[39m
[33m[nodemon] watching extensions: js,mjs,cjs,json[39m
[32m[nodemon] starting `node index.js`[39m
Example app listening at 8080.
Error connecting to MongoDB MongooseServerSelectionError: Could not connect to any servers in your MongoDB Atlas cluster. One common reason is that you're trying to access the database from an IP that isn't whitelisted. Make sure your current IP address is on your Atlas cluster's IP whitelist: https://www.mongodb.com/docs/atlas/security-whitelist/
Error connecting to MongoDB MongoServerSelectionError: 00085313AF7F0000:error:0A000438:SSL routines:ssl3_read_bytes:tlsv1 alert internal error:../ssl/record/rec_layer_s3.c:1590:SSL alert number 80


> meal-maven@1.0.0 start
> nodemon index.js

[33m[nodemon] 3.1.4[39m
[33m[nodemon] to restart at any time, enter `rs`[39m
[33m[nodemon] watching path(s): *.*[39m
[33m[nodemon] watching extensions: js,mjs,cjs,json[39m
[32m[nodemon] starting `node index.js`[39m
Example app listening at 8080.
MongoDB connected successfully!
[32m[nodemon] restarting due to changes...[39m
[32m[nodemon] starting `node index.js`[39m
Example app listening at 8080.
MongoDB connected successfully!
[32m[nodemon] restarting due to changes...[39m
[32m[nodemon] starting `node index.js`[39m
[31m[nodemon] app crashed - waiting for file changes before starting...[39m
[32m[nodemon] restarting due to changes...[39m
[32m[nodemon] starting `node index.js`[39m
[32m[nodemon] restarting due to changes...[39m
[32m[nodemon] starting `node index.js`[39m
Example app listening at 8080.
MongoDB connected successfully!

> meal-maven@1.0.0 start
> nodemon index.js

[33m[nodemon] 3.1.4[39m
[33m[nodemon] to restart at any time, enter `rs`[39m
[33m[nodemon] watching path(s): *.*[39m
[33m[nodemon] watching extensions: js,mjs,cjs,json[39m
[32m[nodemon] starting `node index.js`[39m
Example app listening at 8080.
MongoDB connected successfully!

> meal-maven@1.0.0 start
> nodemon index.js


> meal-maven@1.0.0 start
> nodemon index.js


> meal-maven@1.0.0 start
> nodemon index.js


> meal-maven@1.0.0 start
> nodemon index.js


> meal-maven@1.0.0 start
> nodemon index.js


> meal-maven@1.0.0 start
> nodemon index.js


> meal-maven@1.0.0 start
> nodemon index.js


> meal-maven@1.0.0 start
> nodemon index.js


> meal-maven@1.0.0 start
> nodemon index.js


> meal-maven@1.0.0 start
> nodemon index.js


> meal-maven@1.0.0 start
> nodemon index.js


> meal-maven@1.0.0 start
> nodemon index.js


> meal-maven@1.0.0 start
> nodemon index.js


> meal-maven@1.0.0 start
> nodemon index.js


> meal-maven@1.0.0 start
> nodemon index.js


> meal-maven@1.0.0 start
> nodemon index.js


> meal-maven@1.0.0 start
> nodemon index.js


> meal-maven@1.0.0 start
> nodemon index.js


> meal-maven@1.0.0 start
> nodemon index.js


> meal-maven@1.0.0 start
> nodemon index.js


> meal-maven@1.0.0 start
> nodemon index.js


> meal-maven@1.0.0 start
> nodemon index.js


> meal-maven@1.0.0 start
> nodemon index.js


> meal-maven@1.0.0 start
> nodemon index.js


> meal-maven@1.0.0 start
> nodemon index.js


> meal-maven@1.0.0 start
> nodemon index.js


> meal-maven@1.0.0 start
> nodemon index.js


> meal-maven@1.0.0 start
> nodemon index.js


> meal-maven@1.0.0 start
> nodemon index.js


> meal-maven@1.0.0 start
> nodemon index.js


> meal-maven@1.0.0 start
> nodemon index.js


> meal-maven@1.0.0 start
> nodemon index.js


> meal-maven@1.0.0 start
> nodemon index.js


> meal-maven@1.0.0 start
> nodemon index.js


> meal-maven@1.0.0 start
> nodemon index.js


> meal-maven@1.0.0 start
> nodemon index.js


> meal-maven@1.0.0 start
> nodemon index.js


> meal-maven@1.0.0 start
> nodemon index.js


> meal-maven@1.0.0 start
> nodemon index.js


> meal-maven@1.0.0 start
> nodemon index.js


> meal-maven@1.0.0 start
> nodemon index.js


> meal-maven@1.0.0 start
> nodemon index.js


> meal-maven@1.0.0 start
> nodemon index.js


> meal-maven@1.0.0 start
> nodemon index.js


> meal-maven@1.0.0 start
> nodemon index.js


> meal-maven@1.0.0 start
> nodemon index.js


> meal-maven@1.0.0 start
> nodemon index.js

[33m[nodemon] 3.1.4[39m
[33m[nodemon] to restart at any time, enter `rs`[39m
[33m[nodemon] watching path(s): *.*[39m
[33m[nodemon] watching extensions: js,mjs,cjs,json[39m
[32m[nodemon] starting `node index.js`[39m
Example app listening at 8080.
MongoDB connected successfully!

> meal-maven@1.0.0 start
> nodemon index.js

[33m[nodemon] 3.1.4[39m
[33m[nodemon] to restart at any time, enter `rs`[39m
[33m[nodemon] watching path(s): *.*[39m
[33m[nodemon] watching extensions: js,mjs,cjs,json[39m
[32m[nodemon] starting `node index.js`[39m
Example app listening at 8080.
MongoDB connected successfully!

> meal-maven@1.0.0 start
> nodemon index.js

[33m[nodemon] 3.1.4[39m
[33m[nodemon] to restart at any time, enter `rs`[39m
[33m[nodemon] watching path(s): *.*[39m
[33m[nodemon] watching extensions: js,mjs,cjs,json[39m
[32m[nodemon] starting `node index.js`[39m
Example app listening at 8080.
MongoDB connected successfully!

> meal-maven@1.0.0 start
> nodemon index.js

[33m[nodemon] 3.1.4[39m
[33m[nodemon] to restart at any time, enter `rs`[39m
[33m[nodemon] watching path(s): *.*[39m
[33m[nodemon] watching extensions: js,mjs,cjs,json[39m
[32m[nodemon] starting `node index.js`[39m
Example app listening at 8080.
MongoDB connected successfully!
